{
  "stats": {
    "suites": 1,
    "tests": 6,
    "passes": 6,
    "pending": 0,
    "failures": 0,
    "start": "2021-10-26T22:29:55.148Z",
    "end": "2021-10-26T22:30:53.975Z",
    "duration": 58827,
    "testsRegistered": 6,
    "passPercent": 100,
    "pendingPercent": 0,
    "other": 0,
    "hasOther": false,
    "skipped": 0,
    "hasSkipped": false
  },
  "results": [
    {
      "uuid": "d50ef88c-7da3-4a50-ae28-b389245a63ea",
      "title": "",
      "fullFile": "cypress/integration/pomofocus.io/global.spec.ts",
      "file": "cypress/integration/pomofocus.io/global.spec.ts",
      "beforeHooks": [],
      "afterHooks": [],
      "tests": [],
      "suites": [
        {
          "uuid": "2bf35b99-4ddc-4c67-8d56-94db415d749f",
          "title": "Suite de testes: Testar as funcionalidades do site pomofocus.io",
          "fullFile": "",
          "file": "",
          "beforeHooks": [],
          "afterHooks": [],
          "tests": [
            {
              "title": "Cenario de testes: background-color muda para a cor rgb(76, 145, 149) quando clicar em short breack ",
              "fullTitle": "Suite de testes: Testar as funcionalidades do site pomofocus.io Cenario de testes: background-color muda para a cor rgb(76, 145, 149) quando clicar em short breack ",
              "timedOut": null,
              "duration": 9257,
              "state": "passed",
              "speed": "slow",
              "pass": true,
              "fail": false,
              "pending": false,
              "context": null,
              "code": "cy.visit(\"https://pomofocus.io/\");\ncy.wait(2000);\ncy.get(\".sc-dEoRIm\").click();\ncy.wait(2000);\ncy.get(\".sc-kkGfuU\")\n    .should(\"have.css\", \"background-color\")\n    .and(\"eq\", \"rgb(76, 145, 149)\");",
              "err": {},
              "uuid": "cd802a67-3448-47a4-aea2-793afb14d2f5",
              "parentUUID": "2bf35b99-4ddc-4c67-8d56-94db415d749f",
              "isHook": false,
              "skipped": false
            },
            {
              "title": "Cenario de testes: Quando clicar em Long breack o tempo deve ser de 15 minutos ",
              "fullTitle": "Suite de testes: Testar as funcionalidades do site pomofocus.io Cenario de testes: Quando clicar em Long breack o tempo deve ser de 15 minutos ",
              "timedOut": null,
              "duration": 8696,
              "state": "passed",
              "speed": "slow",
              "pass": true,
              "fail": false,
              "pending": false,
              "context": null,
              "code": "cy.visit(\"https://pomofocus.io/\");\ncy.wait(2000);\ncy.get(\".sc-jtggT\").click();\ncy.wait(2000);\ncy.get(\"#timer-string\").should(\"contain.text\", \"15:00\");",
              "err": {},
              "uuid": "4d005d5a-9b0a-4816-b93e-6e6284741720",
              "parentUUID": "2bf35b99-4ddc-4c67-8d56-94db415d749f",
              "isHook": false,
              "skipped": false
            },
            {
              "title": "Cenario de testes: Quando clicar em start o tempo deve diminuir",
              "fullTitle": "Suite de testes: Testar as funcionalidades do site pomofocus.io Cenario de testes: Quando clicar em start o tempo deve diminuir",
              "timedOut": null,
              "duration": 7251,
              "state": "passed",
              "speed": "slow",
              "pass": true,
              "fail": false,
              "pending": false,
              "context": null,
              "code": "cy.visit(\"https://pomofocus.io/\");\ncy.wait(2000);\ncy.get(\".sc-LKuAh > .sc-bdVaJa\").click();\ncy.wait(2000);\ncy.get(\"#timer-string\")\n    .invoke(\"text\")\n    .then(parseFloat)\n    .should(\"be.below\", 25);",
              "err": {},
              "uuid": "45d85c7e-4ed7-421b-9985-b22037052cad",
              "parentUUID": "2bf35b99-4ddc-4c67-8d56-94db415d749f",
              "isHook": false,
              "skipped": false
            },
            {
              "title": "Cenario de testes: Mudar tempo do break para 4 minutos no menu de configuração",
              "fullTitle": "Suite de testes: Testar as funcionalidades do site pomofocus.io Cenario de testes: Mudar tempo do break para 4 minutos no menu de configuração",
              "timedOut": null,
              "duration": 12066,
              "state": "passed",
              "speed": "slow",
              "pass": true,
              "fail": false,
              "pending": false,
              "context": null,
              "code": "cy.visit(\"https://pomofocus.io/\");\ncy.wait(2000);\ncy.get(\".sc-kpOJdX > :nth-child(2)\").click();\ncy.wait(2000);\ncy.get(\".sc-caSCKo > :nth-child(2) > .sc-iAyFgw\").clear().type(\"4\");\ncy.get(\".sc-fBuWsC > .sc-bxivhb\").click();\ncy.wait(2000);\ncy.get(\".sc-dEoRIm\").click();\ncy.wait(2000);\ncy.get(\"#timer-string\").should(\"contain.text\", \"4:00\");",
              "err": {},
              "uuid": "d6da4402-ab73-4770-b509-2d88fac7ca0b",
              "parentUUID": "2bf35b99-4ddc-4c67-8d56-94db415d749f",
              "isHook": false,
              "skipped": false
            },
            {
              "title": "Cenario de testes: Adicionando Task",
              "fullTitle": "Suite de testes: Testar as funcionalidades do site pomofocus.io Cenario de testes: Adicionando Task",
              "timedOut": null,
              "duration": 8555,
              "state": "passed",
              "speed": "slow",
              "pass": true,
              "fail": false,
              "pending": false,
              "context": null,
              "code": "var taskName = \"Eae Chis, tudo bom?\";\ncy.visit(\"https://pomofocus.io/\");\ncy.get(\".sc-esOvli\").click();\ncy.wait(2000);\ncy.get(\"#input_activity_title\").type(taskName);\ncy.get(\".sc-kIPQKe\").click();\ncy.wait(2000);\ncy.get(\":nth-child(1) > .sc-CtfFt\")\n    .invoke(\"text\")\n    .then(parseFloat)\n    .should(\"be.greaterThan\", 0);",
              "err": {},
              "uuid": "a96193c1-fce7-4bfc-8916-802b7f051f81",
              "parentUUID": "2bf35b99-4ddc-4c67-8d56-94db415d749f",
              "isHook": false,
              "skipped": false
            },
            {
              "title": "Cenario de testes: Não deve ser possivel setar pomodoros negativos",
              "fullTitle": "Suite de testes: Testar as funcionalidades do site pomofocus.io Cenario de testes: Não deve ser possivel setar pomodoros negativos",
              "timedOut": null,
              "duration": 9756,
              "state": "passed",
              "speed": "slow",
              "pass": true,
              "fail": false,
              "pending": false,
              "context": null,
              "code": "cy.visit(\"https://pomofocus.io/\");\ncy.wait(2000);\ncy.get(\".sc-esOvli\").click();\ncy.wait(2000);\ncy.get(\".sc-dfVpRl > :nth-child(4)\").click();\ncy.wait(2000);\ncy.get(\".sc-dfVpRl > :nth-child(4)\").click();\ncy.get(\"#input_est_pomodoro\").should(\"contain.value\", 0);",
              "err": {},
              "uuid": "58a93409-bec3-4012-a2ba-cb8ade186428",
              "parentUUID": "2bf35b99-4ddc-4c67-8d56-94db415d749f",
              "isHook": false,
              "skipped": false
            }
          ],
          "suites": [],
          "passes": [
            "cd802a67-3448-47a4-aea2-793afb14d2f5",
            "4d005d5a-9b0a-4816-b93e-6e6284741720",
            "45d85c7e-4ed7-421b-9985-b22037052cad",
            "d6da4402-ab73-4770-b509-2d88fac7ca0b",
            "a96193c1-fce7-4bfc-8916-802b7f051f81",
            "58a93409-bec3-4012-a2ba-cb8ade186428"
          ],
          "failures": [],
          "pending": [],
          "skipped": [],
          "duration": 55581,
          "root": false,
          "rootEmpty": false,
          "_timeout": 2000
        }
      ],
      "passes": [],
      "failures": [],
      "pending": [],
      "skipped": [],
      "duration": 0,
      "root": true,
      "rootEmpty": true,
      "_timeout": 2000
    }
  ],
  "meta": {
    "mocha": {
      "version": "7.0.1"
    },
    "mochawesome": {
      "options": {
        "quiet": false,
        "reportFilename": "mochawesome",
        "saveHtml": false,
        "saveJson": true,
        "consoleReporter": "spec",
        "useInlineDiffs": false,
        "code": true
      },
      "version": "6.3.1"
    },
    "marge": {
      "options": {
        "reportDir": "cypress/report",
        "overwrite": false,
        "html": false,
        "json": true
      },
      "version": "5.2.0"
    }
  }
}